0 info it worked if it ends with ok
1 verbose cli [ '/usr/bin/node',
1 verbose cli   '/usr/bin/npm',
1 verbose cli   'install',
1 verbose cli   '@aspnet/signalr-client' ]
2 info using npm@3.5.2
3 info using node@v8.10.0
4 silly loadCurrentTree Starting
5 silly install loadCurrentTree
6 silly install readLocalPackageData
7 silly fetchPackageMetaData @aspnet/signalr-client
8 silly fetchNamedPackageData @aspnet/signalr-client
9 silly mapToRegistry name @aspnet/signalr-client
10 silly mapToRegistry scope (from package name) @aspnet
11 verbose mapToRegistry no registry URL found in name for scope @aspnet
12 silly mapToRegistry using default registry
13 silly mapToRegistry registry https://registry.npmjs.org/
14 silly mapToRegistry uri https://registry.npmjs.org/@aspnet%2fsignalr-client
15 verbose request uri https://registry.npmjs.org/@aspnet%2fsignalr-client
16 verbose request no auth needed
17 info attempt registry request try #1 at 3:21:31 AM
18 verbose request id e8e76941be1c8556
19 http request GET https://registry.npmjs.org/@aspnet%2fsignalr-client
20 http 200 https://registry.npmjs.org/@aspnet%2fsignalr-client
21 verbose headers { 'content-type': 'application/json; charset=UTF-8',
21 verbose headers   server: 'AmazonS3',
21 verbose headers   'last-modified': 'Wed, 18 Apr 2018 17:39:29 GMT',
21 verbose headers   etag: 'W/"5ad782d1-1a79"',
21 verbose headers   'content-encoding': 'gzip',
21 verbose headers   via: '1.1 varnish (Varnish/5.2), 1.1 varnish',
21 verbose headers   'cache-control': 'max-age=0',
21 verbose headers   'content-length': '2247',
21 verbose headers   'accept-ranges': 'bytes',
21 verbose headers   date: 'Wed, 23 May 2018 01:23:44 GMT',
21 verbose headers   age: '0',
21 verbose headers   connection: 'keep-alive',
21 verbose headers   'x-served-by': 'cache-hhn1545-HHN',
21 verbose headers   'x-cache': 'MISS',
21 verbose headers   'x-cache-hits': '0',
21 verbose headers   'x-timer': 'S1527038624.069455,VS0,VE737',
21 verbose headers   vary: 'Accept, Accept-Encoding' }
22 silly get cb [ 200,
22 silly get   { 'content-type': 'application/json; charset=UTF-8',
22 silly get     server: 'AmazonS3',
22 silly get     'last-modified': 'Wed, 18 Apr 2018 17:39:29 GMT',
22 silly get     etag: 'W/"5ad782d1-1a79"',
22 silly get     'content-encoding': 'gzip',
22 silly get     via: '1.1 varnish (Varnish/5.2), 1.1 varnish',
22 silly get     'cache-control': 'max-age=0',
22 silly get     'content-length': '2247',
22 silly get     'accept-ranges': 'bytes',
22 silly get     date: 'Wed, 23 May 2018 01:23:44 GMT',
22 silly get     age: '0',
22 silly get     connection: 'keep-alive',
22 silly get     'x-served-by': 'cache-hhn1545-HHN',
22 silly get     'x-cache': 'MISS',
22 silly get     'x-cache-hits': '0',
22 silly get     'x-timer': 'S1527038624.069455,VS0,VE737',
22 silly get     vary: 'Accept, Accept-Encoding' } ]
23 verbose get saving @aspnet/signalr-client to /home/oksymar/.npm/registry.npmjs.org/_40aspnet_252fsignalr-client/.cache.json
24 verbose makeDirectory /home/oksymar/.npm creation not in flight; initializing
25 silly makeDirectory /home/oksymar/.npm uid: 1000 gid: 1000
26 silly install normalizeTree
27 silly loadCurrentTree Finishing
28 silly loadIdealTree Starting
29 silly install loadIdealTree
30 silly cloneCurrentTree Starting
31 silly install cloneCurrentTreeToIdealTree
32 silly cloneCurrentTree Finishing
33 silly loadShrinkwrap Starting
34 silly install loadShrinkwrap
35 silly loadShrinkwrap Finishing
36 silly loadAllDepsIntoIdealTree Starting
37 silly install loadAllDepsIntoIdealTree
38 silly resolveWithNewModule @aspnet/signalr-client@1.0.0-alpha2-update1 checking installable status
39 silly cache add args [ '@aspnet/signalr-client', null ]
40 verbose cache add spec @aspnet/signalr-client
41 silly cache add parsed spec Result {
41 silly cache add   raw: '@aspnet/signalr-client',
41 silly cache add   scope: '@aspnet',
41 silly cache add   name: '@aspnet/signalr-client',
41 silly cache add   rawSpec: '',
41 silly cache add   spec: 'latest',
41 silly cache add   type: 'tag' }
42 silly addNamed @aspnet/signalr-client@latest
43 verbose addNamed "latest" is being treated as a dist-tag for @aspnet/signalr-client
44 info addNameTag [ '@aspnet/signalr-client', 'latest' ]
45 silly mapToRegistry name @aspnet/signalr-client
46 silly mapToRegistry scope (from package name) @aspnet
47 verbose mapToRegistry no registry URL found in name for scope @aspnet
48 silly mapToRegistry using default registry
49 silly mapToRegistry registry https://registry.npmjs.org/
50 silly mapToRegistry uri https://registry.npmjs.org/@aspnet%2fsignalr-client
51 verbose addNameTag registry:https://registry.npmjs.org/@aspnet%2fsignalr-client not in flight; fetching
52 verbose get https://registry.npmjs.org/@aspnet%2fsignalr-client not expired, no request
53 silly addNameTag next cb for @aspnet/signalr-client with tag latest
54 silly addNamed @aspnet/signalr-client@1.0.0-alpha2-update1
55 verbose addNamed "1.0.0-alpha2-update1" is a plain semver version for @aspnet/signalr-client
56 warn deprecated @aspnet/signalr-client@1.0.0-alpha2-update1: This package has been deprecated, please use @aspnet/signalr instead
57 silly mapToRegistry name @aspnet/signalr-client
58 silly mapToRegistry scope (from package name) @aspnet
59 verbose mapToRegistry no registry URL found in name for scope @aspnet
60 silly mapToRegistry using default registry
61 silly mapToRegistry registry https://registry.npmjs.org/
62 silly mapToRegistry uri https://registry.npmjs.org/@aspnet%2fsignalr-client
63 verbose addRemoteTarball https://registry.npmjs.org/@aspnet/signalr-client/-/signalr-client-1.0.0-alpha2-update1.tgz not in flight; adding
64 verbose addRemoteTarball [ 'https://registry.npmjs.org/@aspnet/signalr-client/-/signalr-client-1.0.0-alpha2-update1.tgz',
64 verbose addRemoteTarball   '19970bf998cd45e459e7a7079af2be94b3d85b0b' ]
65 info retry fetch attempt 1 at 3:21:32 AM
66 info attempt registry request try #1 at 3:21:32 AM
67 http fetch GET https://registry.npmjs.org/@aspnet/signalr-client/-/signalr-client-1.0.0-alpha2-update1.tgz
68 http fetch 200 https://registry.npmjs.org/@aspnet/signalr-client/-/signalr-client-1.0.0-alpha2-update1.tgz
69 silly fetchAndShaCheck shasum 19970bf998cd45e459e7a7079af2be94b3d85b0b
70 verbose addTmpTarball /tmp/npm-14800-2c868789/registry.npmjs.org/_40aspnet/signalr-client/-/signalr-client-1.0.0-alpha2-update1.tgz not in flight; adding
71 verbose addTmpTarball already have metadata; skipping unpack for @aspnet/signalr-client@1.0.0-alpha2-update1
72 silly cache afterAdd @aspnet/signalr-client@1.0.0-alpha2-update1
73 verbose afterAdd /home/oksymar/.npm/@aspnet/signalr-client/1.0.0-alpha2-update1/package/package.json not in flight; writing
74 verbose afterAdd /home/oksymar/.npm/@aspnet/signalr-client/1.0.0-alpha2-update1/package/package.json written
75 silly loadAllDepsIntoIdealTree Finishing
76 silly idealTree:prePrune messenger_v2_core
76 silly idealTree:prePrune └── @aspnet/signalr-client@1.0.0-alpha2-update1
77 silly loadIdealTree Finishing
78 silly currentTree messenger_v2_core
79 silly idealTree messenger_v2_core
79 silly idealTree └── @aspnet/signalr-client@1.0.0-alpha2-update1
80 silly generateActionsToTake Starting
81 silly install generateActionsToTake
82 silly generateActionsToTake Finishing
83 silly diffTrees action count 1
84 silly diffTrees add @aspnet/signalr-client@1.0.0-alpha2-update1
85 silly decomposeActions action count 8
86 silly decomposeActions fetch @aspnet/signalr-client@1.0.0-alpha2-update1
87 silly decomposeActions extract @aspnet/signalr-client@1.0.0-alpha2-update1
88 silly decomposeActions test @aspnet/signalr-client@1.0.0-alpha2-update1
89 silly decomposeActions preinstall @aspnet/signalr-client@1.0.0-alpha2-update1
90 silly decomposeActions build @aspnet/signalr-client@1.0.0-alpha2-update1
91 silly decomposeActions install @aspnet/signalr-client@1.0.0-alpha2-update1
92 silly decomposeActions postinstall @aspnet/signalr-client@1.0.0-alpha2-update1
93 silly decomposeActions finalize @aspnet/signalr-client@1.0.0-alpha2-update1
94 silly executeActions Starting
95 silly install executeActions
96 silly doSerial global-install 0
97 silly doParallel fetch 1
98 verbose makeDirectory /home/oksymar/.npm/_locks creation not in flight; initializing
99 silly makeDirectory /home/oksymar/.npm/_locks uid: 1000 gid: 1000
100 verbose lock using /home/oksymar/.npm/_locks/staging-480a33563f376b98.lock for /home/oksymar/RiderProjects/messenger_v2_core/node_modules/.staging
101 silly doParallel extract 1
102 silly extract @aspnet/signalr-client@1.0.0-alpha2-update1
103 verbose unbuild node_modules/.staging/@aspnet/signalr-client-088e991e
104 silly gentlyRm /home/oksymar/RiderProjects/messenger_v2_core/node_modules/.staging/@aspnet/signalr-client-088e991e is being purged from base /home/oksymar/RiderProjects/messenger_v2_core
105 verbose gentlyRm don't care about contents; nuking /home/oksymar/RiderProjects/messenger_v2_core/node_modules/.staging/@aspnet/signalr-client-088e991e
106 verbose tar unpack /home/oksymar/.npm/@aspnet/signalr-client/1.0.0-alpha2-update1/package.tgz
107 verbose tar unpacking to /home/oksymar/RiderProjects/messenger_v2_core/node_modules/.staging/@aspnet/signalr-client-088e991e
108 silly gentlyRm /home/oksymar/RiderProjects/messenger_v2_core/node_modules/.staging/@aspnet/signalr-client-088e991e is being purged
109 verbose gentlyRm don't care about contents; nuking /home/oksymar/RiderProjects/messenger_v2_core/node_modules/.staging/@aspnet/signalr-client-088e991e
110 silly gunzTarPerm modes [ '775', '664' ]
111 silly gunzTarPerm extractEntry package.json
112 silly gunzTarPerm modified mode [ 'package.json', 438, 436 ]
113 silly gunzTarPerm extractEntry README.md
114 silly gunzTarPerm modified mode [ 'README.md', 438, 436 ]
115 silly gentlyRm /home/oksymar/RiderProjects/messenger_v2_core/node_modules/.staging/@aspnet/signalr-client-088e991e/node_modules is being purged
116 verbose gentlyRm don't care about contents; nuking /home/oksymar/RiderProjects/messenger_v2_core/node_modules/.staging/@aspnet/signalr-client-088e991e/node_modules
117 silly doParallel preinstall 1
118 silly preinstall @aspnet/signalr-client@1.0.0-alpha2-update1 /home/oksymar/RiderProjects/messenger_v2_core/node_modules/.staging/@aspnet/signalr-client-088e991e
119 info lifecycle @aspnet/signalr-client@1.0.0-alpha2-update1~preinstall: @aspnet/signalr-client@1.0.0-alpha2-update1
120 silly lifecycle @aspnet/signalr-client@1.0.0-alpha2-update1~preinstall: no script for preinstall, continuing
121 silly doReverseSerial remove 0
122 silly doSerial move 0
123 silly doSerial finalize 1
124 silly finalize /home/oksymar/RiderProjects/messenger_v2_core/node_modules/@aspnet/signalr-client
125 silly doSerial build 1
126 silly build @aspnet/signalr-client@1.0.0-alpha2-update1
127 info linkStuff @aspnet/signalr-client@1.0.0-alpha2-update1
128 silly linkStuff @aspnet/signalr-client@1.0.0-alpha2-update1 has /home/oksymar/RiderProjects/messenger_v2_core/node_modules as its parent node_modules
129 verbose linkBins @aspnet/signalr-client@1.0.0-alpha2-update1
130 verbose linkMans @aspnet/signalr-client@1.0.0-alpha2-update1
131 silly doSerial global-link 0
132 silly doParallel update-linked 0
133 silly doSerial install 1
134 silly install @aspnet/signalr-client@1.0.0-alpha2-update1 /home/oksymar/RiderProjects/messenger_v2_core/node_modules/.staging/@aspnet/signalr-client-088e991e
135 info lifecycle @aspnet/signalr-client@1.0.0-alpha2-update1~install: @aspnet/signalr-client@1.0.0-alpha2-update1
136 verbose lifecycle @aspnet/signalr-client@1.0.0-alpha2-update1~install: unsafe-perm in lifecycle true
137 verbose lifecycle @aspnet/signalr-client@1.0.0-alpha2-update1~install: PATH: /usr/share/npm/bin/node-gyp-bin:/home/oksymar/RiderProjects/messenger_v2_core/node_modules/@aspnet/signalr-client/node_modules/.bin:/home/oksymar/RiderProjects/messenger_v2_core/node_modules/.bin:/usr/local/sbin:/usr/local/bin:/usr/sbin:/usr/bin:/sbin:/bin:/usr/games:/usr/local/games:/snap/bin
138 verbose lifecycle @aspnet/signalr-client@1.0.0-alpha2-update1~install: CWD: /home/oksymar/RiderProjects/messenger_v2_core/node_modules/@aspnet/signalr-client
139 silly lifecycle @aspnet/signalr-client@1.0.0-alpha2-update1~install: Args: [ '-c',
139 silly lifecycle   'echo "This package has been deprecated. Use \'@aspnet/signalr\' instead." && exit 1' ]
140 silly lifecycle @aspnet/signalr-client@1.0.0-alpha2-update1~install: Returned: code: 1  signal: null
141 info lifecycle @aspnet/signalr-client@1.0.0-alpha2-update1~install: Failed to exec install script
142 verbose unlock done using /home/oksymar/.npm/_locks/staging-480a33563f376b98.lock for /home/oksymar/RiderProjects/messenger_v2_core/node_modules/.staging
143 silly rollbackFailedOptional Starting
144 silly rollbackFailedOptional Finishing
145 silly runTopLevelLifecycles Starting
146 silly runTopLevelLifecycles Finishing
147 silly install printInstalled
148 warn enoent ENOENT: no such file or directory, open '/home/oksymar/RiderProjects/messenger_v2_core/package.json'
149 warn messenger_v2_core No description
150 warn messenger_v2_core No repository field.
151 warn messenger_v2_core No README data
152 warn messenger_v2_core No license field.
153 verbose stack Error: @aspnet/signalr-client@1.0.0-alpha2-update1 install: `echo "This package has been deprecated. Use '@aspnet/signalr' instead." && exit 1`
153 verbose stack Exit status 1
153 verbose stack     at EventEmitter.<anonymous> (/usr/share/npm/lib/utils/lifecycle.js:232:16)
153 verbose stack     at emitTwo (events.js:126:13)
153 verbose stack     at EventEmitter.emit (events.js:214:7)
153 verbose stack     at ChildProcess.<anonymous> (/usr/share/npm/lib/utils/spawn.js:24:14)
153 verbose stack     at emitTwo (events.js:126:13)
153 verbose stack     at ChildProcess.emit (events.js:214:7)
153 verbose stack     at maybeClose (internal/child_process.js:925:16)
153 verbose stack     at Process.ChildProcess._handle.onexit (internal/child_process.js:209:5)
154 verbose pkgid @aspnet/signalr-client@1.0.0-alpha2-update1
155 verbose cwd /home/oksymar/RiderProjects/messenger_v2_core
156 error Linux 4.15.0-20-generic
157 error argv "/usr/bin/node" "/usr/bin/npm" "install" "@aspnet/signalr-client"
158 error node v8.10.0
159 error npm  v3.5.2
160 error code ELIFECYCLE
161 error @aspnet/signalr-client@1.0.0-alpha2-update1 install: `echo "This package has been deprecated. Use '@aspnet/signalr' instead." && exit 1`
161 error Exit status 1
162 error Failed at the @aspnet/signalr-client@1.0.0-alpha2-update1 install script 'echo "This package has been deprecated. Use '@aspnet/signalr' instead." && exit 1'.
162 error Make sure you have the latest version of node.js and npm installed.
162 error If you do, this is most likely a problem with the @aspnet/signalr-client package,
162 error not with npm itself.
162 error Tell the author that this fails on your system:
162 error     echo "This package has been deprecated. Use '@aspnet/signalr' instead." && exit 1
162 error You can get information on how to open an issue for this project with:
162 error     npm bugs @aspnet/signalr-client
162 error Or if that isn't available, you can get their info via:
162 error     npm owner ls @aspnet/signalr-client
162 error There is likely additional logging output above.
163 verbose exit [ 1, true ]
